2023-09-08 13:16:58,920 - aiogram - INFO - Bot: Pt9 [@test_3371824bot]
2023-09-08 13:16:59,022 - aiogram - WARNING - Updates were skipped successfully.
2023-09-08 13:16:59,022 - aiogram.dispatcher.dispatcher - INFO - Start polling.
2023-09-08 13:17:05,250 - aiogram.contrib.middlewares.logging - INFO - Received message [ID:1215] in chat [private:539095639]
2023-09-08 13:17:06,141 - aiogram.contrib.middlewares.logging - INFO - Process update [ID:773071288]: [success] (in 892 ms)
2023-09-08 13:17:08,472 - aiogram.contrib.middlewares.logging - INFO - Received message [ID:1217] in chat [private:539095639]
2023-09-08 13:17:08,647 - aiogram.contrib.middlewares.logging - INFO - Process update [ID:773071289]: [success] (in 175 ms)
2023-09-08 13:17:11,771 - aiogram.contrib.middlewares.logging - INFO - Received message [ID:1219] in chat [private:539095639]
2023-09-08 13:17:11,875 - aiogram.contrib.middlewares.logging - INFO - Process update [ID:773071290]: [success] (in 104 ms)
2023-09-08 13:17:15,593 - aiogram.contrib.middlewares.logging - INFO - Received message [ID:1221] in chat [private:539095639]
2023-09-08 13:17:15,699 - aiogram.contrib.middlewares.logging - INFO - Process update [ID:773071291]: [success] (in 106 ms)
2023-09-08 13:17:18,461 - aiogram.contrib.middlewares.logging - INFO - Received message [ID:1223] in chat [private:539095639]
2023-09-08 13:17:19,571 - aiogram.contrib.middlewares.logging - INFO - Process update [ID:773071292]: [success] (in 1110 ms)
2023-09-08 13:17:21,619 - aiogram.contrib.middlewares.logging - INFO - Received message [ID:1225] in chat [private:539095639]
2023-09-08 13:17:22,723 - aiogram.contrib.middlewares.logging - INFO - Process update [ID:773071293]: [success] (in 1104 ms)
2023-09-08 13:17:23,934 - aiogram.contrib.middlewares.logging - INFO - Received callback query [ID:2315398140033112120] from user [ID:539095639] for message [ID:1227] in chat [private:539095639] with data: answers:539095639:family_factor:5 originally posted by user [ID:5718271728]
2023-09-08 13:17:27,376 - aiogram.contrib.middlewares.logging - INFO - Unhandled callback query [ID:2315398140033112120] from user [ID:539095639] for message [ID:1227] in chat [private:539095639] with data: answers:539095639:family_factor:5 originally posted by user [ID:5718271728]
2023-09-08 13:17:27,376 - aiogram.contrib.middlewares.logging - INFO - Process update [ID:773071294]: [success] (in 3442 ms)
2023-09-08 13:17:28,479 - aiogram.contrib.middlewares.logging - INFO - Received callback query [ID:2315398141781189964] from user [ID:539095639] for message [ID:1228] in chat [private:539095639] with data: answers:539095639:family_factor:4 originally posted by user [ID:5718271728]
2023-09-08 13:17:30,294 - aiogram.contrib.middlewares.logging - INFO - Unhandled callback query [ID:2315398141781189964] from user [ID:539095639] for message [ID:1228] in chat [private:539095639] with data: answers:539095639:family_factor:4 originally posted by user [ID:5718271728]
2023-09-08 13:17:30,295 - aiogram.contrib.middlewares.logging - INFO - Process update [ID:773071295]: [success] (in 1816 ms)
2023-09-08 13:18:34,789 - aiogram.dispatcher.dispatcher - INFO - Stop polling...
2023-09-08 13:18:34,790 - aiogram - WARNING - Goodbye!
2023-09-08 13:18:40,230 - aiogram - INFO - Bot: Pt9 [@test_3371824bot]
2023-09-08 13:18:40,338 - aiogram - WARNING - Updates were skipped successfully.
2023-09-08 13:18:40,338 - aiogram.dispatcher.dispatcher - INFO - Start polling.
2023-09-08 13:18:45,253 - aiogram.contrib.middlewares.logging - INFO - Received message [ID:1230] in chat [private:539095639]
2023-09-08 13:18:46,269 - aiogram.contrib.middlewares.logging - INFO - Process update [ID:773071296]: [success] (in 1016 ms)
2023-09-08 13:18:48,504 - aiogram.contrib.middlewares.logging - INFO - Received message [ID:1232] in chat [private:539095639]
2023-09-08 13:18:48,590 - aiogram.contrib.middlewares.logging - INFO - Process update [ID:773071297]: [success] (in 85 ms)
2023-09-08 13:18:51,708 - aiogram.contrib.middlewares.logging - INFO - Received message [ID:1234] in chat [private:539095639]
2023-09-08 13:18:51,804 - aiogram.contrib.middlewares.logging - INFO - Process update [ID:773071298]: [success] (in 96 ms)
2023-09-08 13:18:53,925 - aiogram.contrib.middlewares.logging - INFO - Received message [ID:1236] in chat [private:539095639]
2023-09-08 13:18:54,076 - aiogram.contrib.middlewares.logging - INFO - Process update [ID:773071299]: [success] (in 151 ms)
2023-09-08 13:18:55,647 - aiogram.contrib.middlewares.logging - INFO - Received message [ID:1238] in chat [private:539095639]
2023-09-08 13:18:56,778 - aiogram.contrib.middlewares.logging - INFO - Process update [ID:773071300]: [success] (in 1130 ms)
2023-09-08 13:18:57,412 - aiogram.contrib.middlewares.logging - INFO - Received message [ID:1240] in chat [private:539095639]
2023-09-08 13:18:58,636 - aiogram.contrib.middlewares.logging - INFO - Process update [ID:773071301]: [success] (in 1224 ms)
2023-09-08 13:18:59,595 - aiogram.contrib.middlewares.logging - INFO - Received callback query [ID:2315398139681486199] from user [ID:539095639] for message [ID:1242] in chat [private:539095639] with data: answers:539095639:family_factor:5 originally posted by user [ID:5718271728]
2023-09-08 13:19:03,215 - aiogram.contrib.middlewares.logging - INFO - Unhandled callback query [ID:2315398139681486199] from user [ID:539095639] for message [ID:1242] in chat [private:539095639] with data: answers:539095639:family_factor:5 originally posted by user [ID:5718271728]
2023-09-08 13:19:03,215 - aiogram.contrib.middlewares.logging - INFO - Process update [ID:773071302]: [success] (in 3620 ms)
2023-09-08 13:19:04,019 - aiogram.contrib.middlewares.logging - INFO - Received callback query [ID:2315398141549550954] from user [ID:539095639] for message [ID:1243] in chat [private:539095639] with data: answers:539095639:family_factor:4 originally posted by user [ID:5718271728]
2023-09-08 13:19:06,330 - aiogram.contrib.middlewares.logging - INFO - Unhandled callback query [ID:2315398141549550954] from user [ID:539095639] for message [ID:1243] in chat [private:539095639] with data: answers:539095639:family_factor:4 originally posted by user [ID:5718271728]
2023-09-08 13:19:06,331 - aiogram.contrib.middlewares.logging - INFO - Process update [ID:773071303]: [success] (in 2311 ms)
2023-09-08 13:21:43,863 - aiogram.dispatcher.dispatcher - INFO - Stop polling...
2023-09-08 13:21:43,864 - aiogram - WARNING - Goodbye!
2023-09-08 13:40:17,196 - aiogram - INFO - Bot: Pt9 [@test_3371824bot]
2023-09-08 13:40:17,326 - aiogram - WARNING - Updates were skipped successfully.
2023-09-08 13:40:17,326 - aiogram.dispatcher.dispatcher - INFO - Start polling.
2023-09-08 14:02:36,299 - aiogram.dispatcher.dispatcher - INFO - Stop polling...
2023-09-08 14:02:36,299 - aiogram - WARNING - Goodbye!
2023-09-08 14:09:36,261 - aiogram - INFO - Bot: Pt9 [@test_3371824bot]
2023-09-08 14:09:36,408 - aiogram - WARNING - Updates were skipped successfully.
2023-09-08 14:09:36,408 - aiogram.dispatcher.dispatcher - INFO - Start polling.
2023-09-08 14:10:24,679 - aiogram.contrib.middlewares.logging - INFO - Received message [ID:1245] in chat [private:539095639]
2023-09-08 14:10:25,587 - aiogram.contrib.middlewares.logging - INFO - Process update [ID:773071304]: [success] (in 908 ms)
2023-09-08 14:10:29,120 - aiogram.contrib.middlewares.logging - INFO - Received message [ID:1247] in chat [private:539095639]
2023-09-08 14:10:29,291 - aiogram.contrib.middlewares.logging - INFO - Process update [ID:773071305]: [success] (in 171 ms)
2023-09-08 14:10:34,899 - aiogram.contrib.middlewares.logging - INFO - Received message [ID:1249] in chat [private:539095639]
2023-09-08 14:10:35,057 - aiogram.contrib.middlewares.logging - INFO - Process update [ID:773071306]: [success] (in 158 ms)
2023-09-08 14:10:37,569 - aiogram.contrib.middlewares.logging - INFO - Received message [ID:1251] in chat [private:539095639]
2023-09-08 14:10:37,686 - aiogram.contrib.middlewares.logging - INFO - Process update [ID:773071307]: [success] (in 117 ms)
2023-09-08 14:10:39,192 - aiogram.contrib.middlewares.logging - INFO - Received message [ID:1253] in chat [private:539095639]
2023-09-08 14:10:40,145 - aiogram.contrib.middlewares.logging - INFO - Process update [ID:773071308]: [success] (in 953 ms)
2023-09-08 14:10:40,979 - aiogram.contrib.middlewares.logging - INFO - Received message [ID:1255] in chat [private:539095639]
2023-09-08 14:10:42,187 - aiogram.contrib.middlewares.logging - INFO - Process update [ID:773071309]: [success] (in 1208 ms)
2023-09-08 14:10:44,469 - aiogram.contrib.middlewares.logging - INFO - Received callback query [ID:2315398141183243329] from user [ID:539095639] for message [ID:1257] in chat [private:539095639] with data: answers:539095639:family_factor:5 originally posted by user [ID:5718271728]
2023-09-08 14:10:48,638 - aiogram.contrib.middlewares.logging - INFO - Unhandled callback query [ID:2315398141183243329] from user [ID:539095639] for message [ID:1257] in chat [private:539095639] with data: answers:539095639:family_factor:5 originally posted by user [ID:5718271728]
2023-09-08 14:10:48,638 - aiogram.contrib.middlewares.logging - INFO - Process update [ID:773071310]: [success] (in 4170 ms)
2023-09-08 14:10:49,413 - aiogram.contrib.middlewares.logging - INFO - Received callback query [ID:2315398139054451143] from user [ID:539095639] for message [ID:1258] in chat [private:539095639] with data: answers:539095639:family_factor:4 originally posted by user [ID:5718271728]
2023-09-08 14:10:51,355 - aiogram.contrib.middlewares.logging - INFO - Unhandled callback query [ID:2315398139054451143] from user [ID:539095639] for message [ID:1258] in chat [private:539095639] with data: answers:539095639:family_factor:4 originally posted by user [ID:5718271728]
2023-09-08 14:10:51,355 - aiogram.contrib.middlewares.logging - INFO - Process update [ID:773071311]: [failed] (in 1942 ms)
2023-09-08 14:11:43,040 - aiogram.dispatcher.dispatcher - INFO - Stop polling...
2023-09-08 14:11:43,040 - aiogram - WARNING - Goodbye!
2023-09-08 14:12:31,394 - aiogram - INFO - Bot: Pt9 [@test_3371824bot]
2023-09-08 14:12:31,500 - aiogram - WARNING - Updates were skipped successfully.
2023-09-08 14:12:31,501 - aiogram.dispatcher.dispatcher - INFO - Start polling.
2023-09-08 14:12:32,495 - aiogram.contrib.middlewares.logging - INFO - Received message [ID:1260] in chat [private:539095639]
2023-09-08 14:12:33,562 - aiogram.contrib.middlewares.logging - INFO - Process update [ID:773071312]: [success] (in 1067 ms)
2023-09-08 14:12:35,358 - aiogram.contrib.middlewares.logging - INFO - Received message [ID:1262] in chat [private:539095639]
2023-09-08 14:12:35,487 - aiogram.contrib.middlewares.logging - INFO - Process update [ID:773071313]: [success] (in 129 ms)
2023-09-08 14:12:38,745 - aiogram.contrib.middlewares.logging - INFO - Received message [ID:1264] in chat [private:539095639]
2023-09-08 14:12:38,894 - aiogram.contrib.middlewares.logging - INFO - Process update [ID:773071314]: [success] (in 149 ms)
2023-09-08 14:12:41,346 - aiogram.contrib.middlewares.logging - INFO - Received message [ID:1266] in chat [private:539095639]
2023-09-08 14:12:41,462 - aiogram.contrib.middlewares.logging - INFO - Process update [ID:773071315]: [success] (in 116 ms)
2023-09-08 14:12:42,879 - aiogram.contrib.middlewares.logging - INFO - Received message [ID:1268] in chat [private:539095639]
2023-09-08 14:12:42,963 - aiogram.contrib.middlewares.logging - INFO - Process update [ID:773071316]: [success] (in 84 ms)
2023-09-08 14:12:47,297 - aiogram.contrib.middlewares.logging - INFO - Received message [ID:1270] in chat [private:539095639]
2023-09-08 14:12:47,556 - aiogram.contrib.middlewares.logging - INFO - Process update [ID:773071317]: [success] (in 258 ms)
2023-09-08 14:12:49,817 - aiogram.contrib.middlewares.logging - INFO - Received message [ID:1272] in chat [private:539095639]
2023-09-08 14:12:49,924 - aiogram.contrib.middlewares.logging - INFO - Process update [ID:773071318]: [success] (in 108 ms)
2023-09-08 14:12:51,744 - aiogram.contrib.middlewares.logging - INFO - Received message [ID:1274] in chat [private:539095639]
2023-09-08 14:12:51,848 - aiogram.contrib.middlewares.logging - INFO - Process update [ID:773071319]: [success] (in 105 ms)
2023-09-08 14:12:54,019 - aiogram.contrib.middlewares.logging - INFO - Received message [ID:1276] in chat [private:539095639]
2023-09-08 14:12:54,110 - aiogram.contrib.middlewares.logging - INFO - Process update [ID:773071320]: [success] (in 91 ms)
2023-09-08 14:12:58,759 - aiogram.contrib.middlewares.logging - INFO - Received message [ID:1278] in chat [private:539095639]
2023-09-08 14:12:58,852 - aiogram.contrib.middlewares.logging - INFO - Process update [ID:773071321]: [success] (in 93 ms)
2023-09-08 14:13:04,365 - aiogram.contrib.middlewares.logging - INFO - Received message [ID:1280] in chat [private:539095639]
2023-09-08 14:13:04,508 - aiogram.contrib.middlewares.logging - INFO - Process update [ID:773071322]: [success] (in 143 ms)
2023-09-08 14:13:06,487 - aiogram.contrib.middlewares.logging - INFO - Received message [ID:1282] in chat [private:539095639]
2023-09-08 14:13:06,610 - aiogram.contrib.middlewares.logging - INFO - Process update [ID:773071323]: [success] (in 124 ms)
2023-09-08 14:13:07,413 - aiogram.contrib.middlewares.logging - INFO - Received message [ID:1284] in chat [private:539095639]
2023-09-08 14:13:08,366 - aiogram.contrib.middlewares.logging - INFO - Process update [ID:773071324]: [success] (in 953 ms)
2023-09-08 14:13:09,583 - aiogram.contrib.middlewares.logging - INFO - Received message [ID:1286] in chat [private:539095639]
2023-09-08 14:13:10,808 - aiogram.contrib.middlewares.logging - INFO - Process update [ID:773071325]: [success] (in 1225 ms)
2023-09-08 14:13:12,193 - aiogram.contrib.middlewares.logging - INFO - Received callback query [ID:2315398139838411577] from user [ID:539095639] for message [ID:1288] in chat [private:539095639] with data: answers:539095639:family_factor:3 originally posted by user [ID:5718271728]
2023-09-08 14:13:15,485 - aiogram.contrib.middlewares.logging - INFO - Unhandled callback query [ID:2315398139838411577] from user [ID:539095639] for message [ID:1288] in chat [private:539095639] with data: answers:539095639:family_factor:3 originally posted by user [ID:5718271728]
2023-09-08 14:13:15,485 - aiogram.contrib.middlewares.logging - INFO - Process update [ID:773071326]: [success] (in 3291 ms)
2023-09-08 14:13:16,459 - aiogram.contrib.middlewares.logging - INFO - Received callback query [ID:2315398139954893712] from user [ID:539095639] for message [ID:1289] in chat [private:539095639] with data: answers:539095639:family_factor:2 originally posted by user [ID:5718271728]
2023-09-08 14:13:19,213 - aiogram.contrib.middlewares.logging - INFO - Unhandled callback query [ID:2315398139954893712] from user [ID:539095639] for message [ID:1289] in chat [private:539095639] with data: answers:539095639:family_factor:2 originally posted by user [ID:5718271728]
2023-09-08 14:13:19,213 - aiogram.contrib.middlewares.logging - INFO - Process update [ID:773071327]: [failed] (in 2754 ms)
2023-09-08 14:18:38,692 - aiogram.dispatcher.dispatcher - INFO - Stop polling...
2023-09-08 14:18:38,692 - aiogram - WARNING - Goodbye!
2023-09-08 14:18:43,952 - aiogram - INFO - Bot: Pt9 [@test_3371824bot]
2023-09-08 14:18:44,064 - aiogram - WARNING - Updates were skipped successfully.
2023-09-08 14:18:44,064 - aiogram.dispatcher.dispatcher - INFO - Start polling.
2023-09-08 14:19:18,346 - aiogram.contrib.middlewares.logging - INFO - Received message [ID:1291] in chat [private:539095639]
2023-09-08 14:19:19,462 - aiogram.contrib.middlewares.logging - INFO - Process update [ID:773071328]: [success] (in 1116 ms)
2023-09-08 14:19:21,808 - aiogram.contrib.middlewares.logging - INFO - Received message [ID:1293] in chat [private:539095639]
2023-09-08 14:19:21,892 - aiogram.contrib.middlewares.logging - INFO - Process update [ID:773071329]: [success] (in 84 ms)
2023-09-08 14:19:24,111 - aiogram.contrib.middlewares.logging - INFO - Received message [ID:1295] in chat [private:539095639]
2023-09-08 14:19:24,207 - aiogram.contrib.middlewares.logging - INFO - Process update [ID:773071330]: [success] (in 97 ms)
2023-09-08 14:19:26,064 - aiogram.contrib.middlewares.logging - INFO - Received message [ID:1297] in chat [private:539095639]
2023-09-08 14:19:26,194 - aiogram.contrib.middlewares.logging - INFO - Process update [ID:773071331]: [success] (in 130 ms)
2023-09-08 14:19:27,759 - aiogram.contrib.middlewares.logging - INFO - Received message [ID:1299] in chat [private:539095639]
2023-09-08 14:19:28,907 - aiogram.contrib.middlewares.logging - INFO - Process update [ID:773071332]: [success] (in 1148 ms)
2023-09-08 14:19:29,572 - aiogram.contrib.middlewares.logging - INFO - Received message [ID:1301] in chat [private:539095639]
2023-09-08 14:19:30,584 - aiogram.contrib.middlewares.logging - INFO - Process update [ID:773071333]: [success] (in 1011 ms)
2023-09-08 14:19:31,308 - aiogram.contrib.middlewares.logging - INFO - Received callback query [ID:2315398138992669412] from user [ID:539095639] for message [ID:1303] in chat [private:539095639] with data: answers:539095639:family_factor:5 originally posted by user [ID:5718271728]
2023-09-08 14:19:34,956 - aiogram.contrib.middlewares.logging - INFO - Unhandled callback query [ID:2315398138992669412] from user [ID:539095639] for message [ID:1303] in chat [private:539095639] with data: answers:539095639:family_factor:5 originally posted by user [ID:5718271728]
2023-09-08 14:19:34,956 - aiogram.contrib.middlewares.logging - INFO - Process update [ID:773071334]: [success] (in 3649 ms)
2023-09-08 14:19:35,768 - aiogram.contrib.middlewares.logging - INFO - Received callback query [ID:2315398140434569860] from user [ID:539095639] for message [ID:1304] in chat [private:539095639] with data: answers:539095639:family_factor:4 originally posted by user [ID:5718271728]
2023-09-08 14:19:38,094 - aiogram.contrib.middlewares.logging - INFO - Unhandled callback query [ID:2315398140434569860] from user [ID:539095639] for message [ID:1304] in chat [private:539095639] with data: answers:539095639:family_factor:4 originally posted by user [ID:5718271728]
2023-09-08 14:19:38,095 - aiogram.contrib.middlewares.logging - INFO - Process update [ID:773071335]: [failed] (in 2326 ms)
2023-09-08 14:24:54,434 - aiogram.dispatcher.dispatcher - INFO - Stop polling...
2023-09-08 14:24:54,435 - aiogram - WARNING - Goodbye!
2023-09-08 14:24:59,611 - aiogram - INFO - Bot: Pt9 [@test_3371824bot]
2023-09-08 14:24:59,719 - aiogram - WARNING - Updates were skipped successfully.
2023-09-08 14:24:59,719 - aiogram.dispatcher.dispatcher - INFO - Start polling.
2023-09-08 14:25:03,176 - aiogram.contrib.middlewares.logging - INFO - Received message [ID:1306] in chat [private:539095639]
2023-09-08 14:25:03,752 - aiogram.contrib.middlewares.logging - INFO - Process update [ID:773071336]: [success] (in 576 ms)
2023-09-08 14:25:06,179 - aiogram.contrib.middlewares.logging - INFO - Received message [ID:1308] in chat [private:539095639]
2023-09-08 14:25:08,968 - aiogram.contrib.middlewares.logging - INFO - Process update [ID:773071337]: [success] (in 2790 ms)
2023-09-08 14:25:11,415 - aiogram.contrib.middlewares.logging - INFO - Received message [ID:1310] in chat [private:539095639]
2023-09-08 14:25:11,537 - aiogram.contrib.middlewares.logging - INFO - Process update [ID:773071338]: [success] (in 122 ms)
2023-09-08 14:25:12,734 - aiogram.contrib.middlewares.logging - INFO - Received message [ID:1312] in chat [private:539095639]
2023-09-08 14:25:12,910 - aiogram.contrib.middlewares.logging - INFO - Process update [ID:773071339]: [success] (in 176 ms)
2023-09-08 14:25:13,405 - aiogram.contrib.middlewares.logging - INFO - Received message [ID:1314] in chat [private:539095639]
2023-09-08 14:25:13,566 - aiogram.contrib.middlewares.logging - INFO - Process update [ID:773071340]: [success] (in 161 ms)
2023-09-08 14:25:14,858 - aiogram.contrib.middlewares.logging - INFO - Received message [ID:1316] in chat [private:539095639]
2023-09-08 14:25:14,949 - aiogram.contrib.middlewares.logging - INFO - Process update [ID:773071341]: [success] (in 91 ms)
2023-09-08 14:25:17,699 - aiogram.contrib.middlewares.logging - INFO - Received message [ID:1318] in chat [private:539095639]
2023-09-08 14:25:17,792 - aiogram.contrib.middlewares.logging - INFO - Process update [ID:773071342]: [success] (in 92 ms)
2023-09-08 14:25:18,263 - aiogram.contrib.middlewares.logging - INFO - Received message [ID:1320] in chat [private:539095639]
2023-09-08 14:25:18,349 - aiogram.contrib.middlewares.logging - INFO - Process update [ID:773071343]: [success] (in 86 ms)
2023-09-08 14:25:18,722 - aiogram.contrib.middlewares.logging - INFO - Received message [ID:1322] in chat [private:539095639]
2023-09-08 14:25:18,818 - aiogram.contrib.middlewares.logging - INFO - Process update [ID:773071344]: [success] (in 96 ms)
2023-09-08 14:25:19,586 - aiogram.contrib.middlewares.logging - INFO - Received message [ID:1324] in chat [private:539095639]
2023-09-08 14:25:20,489 - aiogram.contrib.middlewares.logging - INFO - Process update [ID:773071345]: [success] (in 903 ms)
2023-09-08 14:25:21,107 - aiogram.contrib.middlewares.logging - INFO - Received message [ID:1326] in chat [private:539095639]
2023-09-08 14:25:22,062 - aiogram.contrib.middlewares.logging - INFO - Process update [ID:773071346]: [success] (in 955 ms)
2023-09-08 14:25:23,066 - aiogram.contrib.middlewares.logging - INFO - Received callback query [ID:2315398138960044403] from user [ID:539095639] for message [ID:1328] in chat [private:539095639] with data: answers:539095639:family_factor:5 originally posted by user [ID:5718271728]
2023-09-08 14:25:24,915 - aiogram.contrib.middlewares.logging - INFO - Unhandled callback query [ID:2315398138960044403] from user [ID:539095639] for message [ID:1328] in chat [private:539095639] with data: answers:539095639:family_factor:5 originally posted by user [ID:5718271728]
2023-09-08 14:25:24,915 - aiogram.contrib.middlewares.logging - INFO - Process update [ID:773071347]: [success] (in 1849 ms)
2023-09-08 14:25:25,456 - aiogram.contrib.middlewares.logging - INFO - Received callback query [ID:2315398139635321641] from user [ID:539095639] for message [ID:1329] in chat [private:539095639] with data: answers:539095639:family_factor:4 originally posted by user [ID:5718271728]
2023-09-08 14:25:29,565 - aiogram.contrib.middlewares.logging - INFO - Unhandled callback query [ID:2315398139635321641] from user [ID:539095639] for message [ID:1329] in chat [private:539095639] with data: answers:539095639:family_factor:4 originally posted by user [ID:5718271728]
2023-09-08 14:25:29,566 - aiogram.contrib.middlewares.logging - INFO - Process update [ID:773071348]: [failed] (in 4110 ms)
2023-09-08 15:20:50,262 - aiogram.dispatcher.dispatcher - INFO - Stop polling...
2023-09-08 15:20:50,263 - aiogram - WARNING - Goodbye!
2023-09-08 15:27:12,419 - aiogram - INFO - Bot: Pt9 [@test_3371824bot]
2023-09-08 15:27:12,526 - aiogram - WARNING - Updates were skipped successfully.
2023-09-08 15:27:12,526 - aiogram.dispatcher.dispatcher - INFO - Start polling.
2023-09-08 15:27:29,371 - aiogram.contrib.middlewares.logging - INFO - Received message [ID:1331] in chat [private:539095639]
2023-09-08 15:27:30,505 - aiogram.contrib.middlewares.logging - INFO - Process update [ID:773071349]: [success] (in 1134 ms)
2023-09-08 15:27:32,962 - aiogram.contrib.middlewares.logging - INFO - Received message [ID:1333] in chat [private:539095639]
2023-09-08 15:27:33,054 - aiogram.contrib.middlewares.logging - INFO - Process update [ID:773071350]: [success] (in 93 ms)
2023-09-08 15:27:35,347 - aiogram.contrib.middlewares.logging - INFO - Received message [ID:1335] in chat [private:539095639]
2023-09-08 15:27:35,465 - aiogram.contrib.middlewares.logging - INFO - Process update [ID:773071351]: [success] (in 118 ms)
2023-09-08 15:27:36,987 - aiogram.contrib.middlewares.logging - INFO - Received message [ID:1337] in chat [private:539095639]
2023-09-08 15:27:37,091 - aiogram.contrib.middlewares.logging - INFO - Process update [ID:773071352]: [success] (in 104 ms)
2023-09-08 15:27:38,369 - aiogram.contrib.middlewares.logging - INFO - Received message [ID:1339] in chat [private:539095639]
2023-09-08 15:27:39,269 - aiogram.contrib.middlewares.logging - INFO - Process update [ID:773071353]: [success] (in 901 ms)
2023-09-08 15:27:40,325 - aiogram.contrib.middlewares.logging - INFO - Received message [ID:1341] in chat [private:539095639]
2023-09-08 15:27:41,491 - aiogram.contrib.middlewares.logging - INFO - Process update [ID:773071354]: [success] (in 1166 ms)
2023-09-08 15:27:42,328 - aiogram.contrib.middlewares.logging - INFO - Received callback query [ID:2315398143183803758] from user [ID:539095639] for message [ID:1343] in chat [private:539095639] with data: answers:539095639:family_factor:5 originally posted by user [ID:5718271728]
2023-09-08 15:27:46,000 - aiogram.contrib.middlewares.logging - INFO - Unhandled callback query [ID:2315398143183803758] from user [ID:539095639] for message [ID:1343] in chat [private:539095639] with data: answers:539095639:family_factor:5 originally posted by user [ID:5718271728]
2023-09-08 15:27:46,000 - aiogram.contrib.middlewares.logging - INFO - Process update [ID:773071355]: [success] (in 3673 ms)
2023-09-08 15:27:46,907 - aiogram.contrib.middlewares.logging - INFO - Received callback query [ID:2315398142384805910] from user [ID:539095639] for message [ID:1344] in chat [private:539095639] with data: answers:539095639:family_factor:4 originally posted by user [ID:5718271728]
2023-09-08 15:27:48,943 - aiogram.contrib.middlewares.logging - INFO - Unhandled callback query [ID:2315398142384805910] from user [ID:539095639] for message [ID:1344] in chat [private:539095639] with data: answers:539095639:family_factor:4 originally posted by user [ID:5718271728]
2023-09-08 15:27:48,943 - aiogram.contrib.middlewares.logging - INFO - Process update [ID:773071356]: [success] (in 2037 ms)
2023-09-08 15:28:16,917 - aiogram.dispatcher.dispatcher - INFO - Stop polling...
2023-09-08 15:28:16,917 - aiogram - WARNING - Goodbye!
2023-09-08 15:36:09,110 - aiogram - INFO - Bot: Pt9 [@test_3371824bot]
2023-09-08 15:36:09,224 - aiogram - WARNING - Updates were skipped successfully.
2023-09-08 15:36:09,224 - aiogram.dispatcher.dispatcher - INFO - Start polling.
2023-09-08 15:36:15,047 - aiogram.contrib.middlewares.logging - INFO - Received message [ID:1346] in chat [private:539095639]
2023-09-08 15:36:16,080 - aiogram.contrib.middlewares.logging - INFO - Process update [ID:773071357]: [success] (in 1033 ms)
2023-09-08 15:36:18,615 - aiogram.contrib.middlewares.logging - INFO - Received message [ID:1348] in chat [private:539095639]
2023-09-08 15:36:18,782 - aiogram.contrib.middlewares.logging - INFO - Process update [ID:773071358]: [success] (in 168 ms)
2023-09-08 15:36:19,758 - aiogram.contrib.middlewares.logging - INFO - Received message [ID:1350] in chat [private:539095639]
2023-09-08 15:36:19,854 - aiogram.contrib.middlewares.logging - INFO - Process update [ID:773071359]: [success] (in 97 ms)
2023-09-08 15:36:21,115 - aiogram.contrib.middlewares.logging - INFO - Received message [ID:1352] in chat [private:539095639]
2023-09-08 15:36:21,242 - aiogram.contrib.middlewares.logging - INFO - Process update [ID:773071360]: [success] (in 128 ms)
2023-09-08 15:36:22,697 - aiogram.contrib.middlewares.logging - INFO - Received message [ID:1354] in chat [private:539095639]
2023-09-08 15:36:23,896 - aiogram.contrib.middlewares.logging - INFO - Process update [ID:773071361]: [success] (in 1199 ms)
2023-09-08 15:36:24,432 - aiogram.contrib.middlewares.logging - INFO - Received message [ID:1356] in chat [private:539095639]
2023-09-08 15:36:25,551 - aiogram.contrib.middlewares.logging - INFO - Process update [ID:773071362]: [success] (in 1119 ms)
2023-09-08 15:36:26,482 - aiogram.contrib.middlewares.logging - INFO - Received callback query [ID:2315398141435268436] from user [ID:539095639] for message [ID:1358] in chat [private:539095639] with data: answers:539095639:family_factor:5 originally posted by user [ID:5718271728]
2023-09-08 15:36:29,950 - aiogram.contrib.middlewares.logging - INFO - Unhandled callback query [ID:2315398141435268436] from user [ID:539095639] for message [ID:1358] in chat [private:539095639] with data: answers:539095639:family_factor:5 originally posted by user [ID:5718271728]
2023-09-08 15:36:29,951 - aiogram.contrib.middlewares.logging - INFO - Process update [ID:773071363]: [success] (in 3468 ms)
2023-09-08 15:36:30,801 - aiogram.contrib.middlewares.logging - INFO - Received callback query [ID:2315398139900970196] from user [ID:539095639] for message [ID:1359] in chat [private:539095639] with data: answers:539095639:family_factor:4 originally posted by user [ID:5718271728]
2023-09-08 15:36:33,131 - aiogram.contrib.middlewares.logging - INFO - Unhandled callback query [ID:2315398139900970196] from user [ID:539095639] for message [ID:1359] in chat [private:539095639] with data: answers:539095639:family_factor:4 originally posted by user [ID:5718271728]
2023-09-08 15:36:33,131 - aiogram.contrib.middlewares.logging - INFO - Process update [ID:773071364]: [failed] (in 2330 ms)
2023-09-08 15:37:25,027 - aiogram.dispatcher.dispatcher - INFO - Stop polling...
2023-09-08 15:37:25,027 - aiogram - WARNING - Goodbye!
2023-09-08 15:37:30,498 - aiogram - INFO - Bot: Pt9 [@test_3371824bot]
2023-09-08 15:37:30,612 - aiogram - WARNING - Updates were skipped successfully.
2023-09-08 15:37:30,612 - aiogram.dispatcher.dispatcher - INFO - Start polling.
2023-09-08 15:37:40,794 - aiogram.contrib.middlewares.logging - INFO - Received message [ID:1361] in chat [private:539095639]
2023-09-08 15:37:41,831 - aiogram.contrib.middlewares.logging - INFO - Process update [ID:773071365]: [success] (in 1037 ms)
2023-09-08 15:37:42,402 - aiogram.contrib.middlewares.logging - INFO - Received message [ID:1363] in chat [private:539095639]
2023-09-08 15:37:42,497 - aiogram.contrib.middlewares.logging - INFO - Process update [ID:773071366]: [success] (in 95 ms)
2023-09-08 15:37:44,884 - aiogram.contrib.middlewares.logging - INFO - Received message [ID:1365] in chat [private:539095639]
2023-09-08 15:37:44,977 - aiogram.contrib.middlewares.logging - INFO - Process update [ID:773071367]: [success] (in 94 ms)
2023-09-08 15:37:46,357 - aiogram.contrib.middlewares.logging - INFO - Received message [ID:1367] in chat [private:539095639]
2023-09-08 15:37:46,481 - aiogram.contrib.middlewares.logging - INFO - Process update [ID:773071368]: [success] (in 124 ms)
2023-09-08 15:37:47,706 - aiogram.contrib.middlewares.logging - INFO - Received message [ID:1369] in chat [private:539095639]
2023-09-08 15:37:48,818 - aiogram.contrib.middlewares.logging - INFO - Process update [ID:773071369]: [success] (in 1112 ms)
2023-09-08 15:37:49,482 - aiogram.contrib.middlewares.logging - INFO - Received message [ID:1371] in chat [private:539095639]
2023-09-08 15:37:50,653 - aiogram.contrib.middlewares.logging - INFO - Process update [ID:773071370]: [success] (in 1172 ms)
2023-09-08 15:37:51,556 - aiogram.contrib.middlewares.logging - INFO - Received callback query [ID:2315398140243322835] from user [ID:539095639] for message [ID:1373] in chat [private:539095639] with data: answers:539095639:family_factor:5 originally posted by user [ID:5718271728]
2023-09-08 15:37:55,256 - aiogram.contrib.middlewares.logging - INFO - Unhandled callback query [ID:2315398140243322835] from user [ID:539095639] for message [ID:1373] in chat [private:539095639] with data: answers:539095639:family_factor:5 originally posted by user [ID:5718271728]
2023-09-08 15:37:55,256 - aiogram.contrib.middlewares.logging - INFO - Process update [ID:773071371]: [success] (in 3700 ms)
2023-09-08 15:37:56,084 - aiogram.contrib.middlewares.logging - INFO - Received callback query [ID:2315398140980008910] from user [ID:539095639] for message [ID:1374] in chat [private:539095639] with data: answers:539095639:family_factor:4 originally posted by user [ID:5718271728]
2023-09-08 15:37:58,501 - aiogram.contrib.middlewares.logging - INFO - Unhandled callback query [ID:2315398140980008910] from user [ID:539095639] for message [ID:1374] in chat [private:539095639] with data: answers:539095639:family_factor:4 originally posted by user [ID:5718271728]
2023-09-08 15:37:58,501 - aiogram.contrib.middlewares.logging - INFO - Process update [ID:773071372]: [success] (in 2417 ms)
2023-09-08 15:38:50,243 - aiogram.dispatcher.dispatcher - INFO - Stop polling...
2023-09-08 15:38:50,243 - aiogram - WARNING - Goodbye!
2023-09-08 15:38:55,196 - aiogram - INFO - Bot: Pt9 [@test_3371824bot]
2023-09-08 15:38:55,307 - aiogram - WARNING - Updates were skipped successfully.
2023-09-08 15:38:55,307 - aiogram.dispatcher.dispatcher - INFO - Start polling.
2023-09-08 15:38:58,288 - aiogram.dispatcher.dispatcher - INFO - Stop polling...
2023-09-08 15:38:58,288 - aiogram - WARNING - Goodbye!
2023-09-08 15:39:15,075 - aiogram - INFO - Bot: Pt9 [@test_3371824bot]
2023-09-08 15:39:15,190 - aiogram - WARNING - Updates were skipped successfully.
2023-09-08 15:39:15,190 - aiogram.dispatcher.dispatcher - INFO - Start polling.
2023-09-08 15:39:17,973 - aiogram.contrib.middlewares.logging - INFO - Received message [ID:1377] in chat [private:539095639]
2023-09-08 15:39:18,952 - aiogram.contrib.middlewares.logging - INFO - Process update [ID:773071374]: [success] (in 979 ms)
2023-09-08 15:39:20,398 - aiogram.contrib.middlewares.logging - INFO - Received message [ID:1379] in chat [private:539095639]
2023-09-08 15:39:20,549 - aiogram.contrib.middlewares.logging - INFO - Process update [ID:773071375]: [success] (in 151 ms)
2023-09-08 15:39:21,833 - aiogram.contrib.middlewares.logging - INFO - Received message [ID:1381] in chat [private:539095639]
2023-09-08 15:39:21,951 - aiogram.contrib.middlewares.logging - INFO - Process update [ID:773071376]: [success] (in 118 ms)
2023-09-08 15:39:22,479 - aiogram.contrib.middlewares.logging - INFO - Received message [ID:1383] in chat [private:539095639]
2023-09-08 15:39:22,601 - aiogram.contrib.middlewares.logging - INFO - Process update [ID:773071377]: [success] (in 122 ms)
2023-09-08 15:39:23,720 - aiogram.contrib.middlewares.logging - INFO - Received message [ID:1385] in chat [private:539095639]
2023-09-08 15:39:24,863 - aiogram.contrib.middlewares.logging - INFO - Process update [ID:773071378]: [success] (in 1143 ms)
2023-09-08 15:39:25,674 - aiogram.contrib.middlewares.logging - INFO - Received message [ID:1387] in chat [private:539095639]
2023-09-08 15:39:26,919 - aiogram.contrib.middlewares.logging - INFO - Process update [ID:773071379]: [success] (in 1245 ms)
2023-09-08 15:39:27,972 - aiogram.contrib.middlewares.logging - INFO - Received callback query [ID:2315398139959594509] from user [ID:539095639] for message [ID:1389] in chat [private:539095639] with data: answers:539095639:family_factor:5 originally posted by user [ID:5718271728]
2023-09-08 15:39:31,670 - aiogram.contrib.middlewares.logging - INFO - Unhandled callback query [ID:2315398139959594509] from user [ID:539095639] for message [ID:1389] in chat [private:539095639] with data: answers:539095639:family_factor:5 originally posted by user [ID:5718271728]
2023-09-08 15:39:31,670 - aiogram.contrib.middlewares.logging - INFO - Process update [ID:773071380]: [success] (in 3699 ms)
2023-09-08 15:39:32,375 - aiogram.contrib.middlewares.logging - INFO - Received callback query [ID:2315398139506046944] from user [ID:539095639] for message [ID:1390] in chat [private:539095639] with data: answers:539095639:family_factor:4 originally posted by user [ID:5718271728]
2023-09-08 15:39:35,206 - aiogram.contrib.middlewares.logging - INFO - Unhandled callback query [ID:2315398139506046944] from user [ID:539095639] for message [ID:1390] in chat [private:539095639] with data: answers:539095639:family_factor:4 originally posted by user [ID:5718271728]
2023-09-08 15:39:35,207 - aiogram.contrib.middlewares.logging - INFO - Process update [ID:773071381]: [success] (in 2831 ms)
2023-09-08 15:41:43,688 - aiogram.dispatcher.dispatcher - INFO - Stop polling...
2023-09-08 15:41:43,688 - aiogram - WARNING - Goodbye!
2023-09-08 15:42:11,418 - aiogram - INFO - Bot: Pt9 [@test_3371824bot]
2023-09-08 15:42:11,533 - aiogram - WARNING - Updates were skipped successfully.
2023-09-08 15:42:11,534 - aiogram.dispatcher.dispatcher - INFO - Start polling.
2023-09-08 15:42:19,451 - aiogram.contrib.middlewares.logging - INFO - Received message [ID:1392] in chat [private:539095639]
2023-09-08 15:42:20,478 - aiogram.contrib.middlewares.logging - INFO - Process update [ID:773071382]: [success] (in 1027 ms)
2023-09-08 15:42:21,745 - aiogram.contrib.middlewares.logging - INFO - Received message [ID:1394] in chat [private:539095639]
2023-09-08 15:42:21,866 - aiogram.contrib.middlewares.logging - INFO - Process update [ID:773071383]: [success] (in 121 ms)
2023-09-08 15:42:22,317 - aiogram.contrib.middlewares.logging - INFO - Received message [ID:1396] in chat [private:539095639]
2023-09-08 15:42:22,478 - aiogram.contrib.middlewares.logging - INFO - Process update [ID:773071384]: [success] (in 161 ms)
2023-09-08 15:42:23,407 - aiogram.contrib.middlewares.logging - INFO - Received message [ID:1398] in chat [private:539095639]
2023-09-08 15:42:23,601 - aiogram.contrib.middlewares.logging - INFO - Process update [ID:773071385]: [success] (in 194 ms)
2023-09-08 15:42:24,663 - aiogram.contrib.middlewares.logging - INFO - Received message [ID:1400] in chat [private:539095639]
2023-09-08 15:42:25,599 - aiogram.contrib.middlewares.logging - INFO - Process update [ID:773071386]: [success] (in 936 ms)
2023-09-08 15:42:26,216 - aiogram.contrib.middlewares.logging - INFO - Received message [ID:1402] in chat [private:539095639]
2023-09-08 15:42:27,411 - aiogram.contrib.middlewares.logging - INFO - Process update [ID:773071387]: [success] (in 1195 ms)
2023-09-08 15:42:28,307 - aiogram.contrib.middlewares.logging - INFO - Received callback query [ID:2315398142972240214] from user [ID:539095639] for message [ID:1404] in chat [private:539095639] with data: answers:539095639:family_factor:5 originally posted by user [ID:5718271728]
2023-09-08 15:42:31,644 - aiogram.contrib.middlewares.logging - INFO - Unhandled callback query [ID:2315398142972240214] from user [ID:539095639] for message [ID:1404] in chat [private:539095639] with data: answers:539095639:family_factor:5 originally posted by user [ID:5718271728]
2023-09-08 15:42:31,644 - aiogram.contrib.middlewares.logging - INFO - Process update [ID:773071388]: [success] (in 3337 ms)
2023-09-08 15:42:32,348 - aiogram.contrib.middlewares.logging - INFO - Received callback query [ID:2315398139741170383] from user [ID:539095639] for message [ID:1405] in chat [private:539095639] with data: answers:539095639:family_factor:4 originally posted by user [ID:5718271728]
2023-09-08 15:42:35,018 - aiogram.contrib.middlewares.logging - INFO - Unhandled callback query [ID:2315398139741170383] from user [ID:539095639] for message [ID:1405] in chat [private:539095639] with data: answers:539095639:family_factor:4 originally posted by user [ID:5718271728]
2023-09-08 15:42:35,018 - aiogram.contrib.middlewares.logging - INFO - Process update [ID:773071389]: [success] (in 2670 ms)
2023-09-08 15:46:27,399 - aiogram.dispatcher.dispatcher - INFO - Stop polling...
2023-09-08 15:46:27,400 - aiogram - WARNING - Goodbye!
2023-09-08 15:59:44,501 - aiogram - INFO - Bot: Pt9 [@test_3371824bot]
2023-09-08 15:59:44,616 - aiogram - WARNING - Updates were skipped successfully.
2023-09-08 15:59:44,616 - aiogram.dispatcher.dispatcher - INFO - Start polling.
2023-09-08 16:00:01,402 - aiogram.contrib.middlewares.logging - INFO - Received message [ID:1407] in chat [private:539095639]
2023-09-08 16:00:02,329 - aiogram.contrib.middlewares.logging - INFO - Process update [ID:773071390]: [success] (in 927 ms)
2023-09-08 16:00:04,162 - aiogram.contrib.middlewares.logging - INFO - Received message [ID:1409] in chat [private:539095639]
2023-09-08 16:00:04,349 - aiogram.contrib.middlewares.logging - INFO - Process update [ID:773071391]: [success] (in 187 ms)
2023-09-08 16:00:04,661 - aiogram.contrib.middlewares.logging - INFO - Received message [ID:1411] in chat [private:539095639]
2023-09-08 16:00:04,873 - aiogram.contrib.middlewares.logging - INFO - Process update [ID:773071392]: [success] (in 213 ms)
2023-09-08 16:00:06,029 - aiogram.contrib.middlewares.logging - INFO - Received message [ID:1413] in chat [private:539095639]
2023-09-08 16:00:06,229 - aiogram.contrib.middlewares.logging - INFO - Process update [ID:773071393]: [success] (in 200 ms)
2023-09-08 16:00:07,051 - aiogram.contrib.middlewares.logging - INFO - Received message [ID:1415] in chat [private:539095639]
2023-09-08 16:00:07,957 - aiogram.contrib.middlewares.logging - INFO - Process update [ID:773071394]: [success] (in 906 ms)
2023-09-08 16:00:08,489 - aiogram.contrib.middlewares.logging - INFO - Received message [ID:1417] in chat [private:539095639]
2023-09-08 16:00:09,676 - aiogram.contrib.middlewares.logging - INFO - Process update [ID:773071395]: [success] (in 1187 ms)
2023-09-08 16:00:10,496 - aiogram.contrib.middlewares.logging - INFO - Received callback query [ID:2315398141861915395] from user [ID:539095639] for message [ID:1419] in chat [private:539095639] with data: answers:539095639:family_factor:5 originally posted by user [ID:5718271728]
2023-09-08 16:00:14,023 - aiogram.contrib.middlewares.logging - INFO - Unhandled callback query [ID:2315398141861915395] from user [ID:539095639] for message [ID:1419] in chat [private:539095639] with data: answers:539095639:family_factor:5 originally posted by user [ID:5718271728]
2023-09-08 16:00:14,024 - aiogram.contrib.middlewares.logging - INFO - Process update [ID:773071396]: [success] (in 3528 ms)
2023-09-08 16:00:15,037 - aiogram.contrib.middlewares.logging - INFO - Received callback query [ID:2315398140708229281] from user [ID:539095639] for message [ID:1420] in chat [private:539095639] with data: answers:539095639:family_factor:4 originally posted by user [ID:5718271728]
2023-09-08 16:00:17,980 - aiogram.contrib.middlewares.logging - INFO - Unhandled callback query [ID:2315398140708229281] from user [ID:539095639] for message [ID:1420] in chat [private:539095639] with data: answers:539095639:family_factor:4 originally posted by user [ID:5718271728]
2023-09-08 16:00:17,980 - aiogram.contrib.middlewares.logging - INFO - Process update [ID:773071397]: [success] (in 2943 ms)
2023-09-08 16:11:24,470 - aiogram.dispatcher.dispatcher - INFO - Stop polling...
2023-09-08 16:11:24,471 - aiogram - WARNING - Goodbye!
2023-09-08 16:12:04,279 - aiogram - INFO - Bot: Pt9 [@test_3371824bot]
2023-09-08 16:12:04,419 - aiogram - WARNING - Updates were skipped successfully.
2023-09-08 16:12:04,420 - aiogram.dispatcher.dispatcher - INFO - Start polling.
2023-09-08 16:13:55,659 - aiogram.contrib.middlewares.logging - INFO - Received message [ID:1422] in chat [private:539095639]
2023-09-08 16:13:56,753 - aiogram.contrib.middlewares.logging - INFO - Process update [ID:773071398]: [success] (in 1094 ms)
2023-09-08 16:13:59,943 - aiogram.contrib.middlewares.logging - INFO - Received message [ID:1424] in chat [private:539095639]
2023-09-08 16:14:00,078 - aiogram.contrib.middlewares.logging - INFO - Process update [ID:773071399]: [success] (in 135 ms)
2023-09-08 16:14:02,386 - aiogram.contrib.middlewares.logging - INFO - Received message [ID:1426] in chat [private:539095639]
2023-09-08 16:14:02,482 - aiogram.contrib.middlewares.logging - INFO - Process update [ID:773071400]: [success] (in 96 ms)
2023-09-08 16:14:04,344 - aiogram.contrib.middlewares.logging - INFO - Received message [ID:1428] in chat [private:539095639]
2023-09-08 16:14:04,517 - aiogram.contrib.middlewares.logging - INFO - Process update [ID:773071401]: [success] (in 173 ms)
2023-09-08 16:14:06,228 - aiogram.contrib.middlewares.logging - INFO - Received message [ID:1430] in chat [private:539095639]
2023-09-08 16:14:07,307 - aiogram.contrib.middlewares.logging - INFO - Process update [ID:773071402]: [success] (in 1079 ms)
2023-09-08 16:14:07,972 - aiogram.contrib.middlewares.logging - INFO - Received message [ID:1432] in chat [private:539095639]
2023-09-08 16:14:08,922 - aiogram.contrib.middlewares.logging - INFO - Process update [ID:773071403]: [success] (in 950 ms)
2023-09-08 16:14:09,836 - aiogram.contrib.middlewares.logging - INFO - Received callback query [ID:2315398139021216157] from user [ID:539095639] for message [ID:1434] in chat [private:539095639] with data: answers:539095639:family_factor:5 originally posted by user [ID:5718271728]
2023-09-08 16:14:13,245 - aiogram.contrib.middlewares.logging - INFO - Unhandled callback query [ID:2315398139021216157] from user [ID:539095639] for message [ID:1434] in chat [private:539095639] with data: answers:539095639:family_factor:5 originally posted by user [ID:5718271728]
2023-09-08 16:14:13,245 - aiogram.contrib.middlewares.logging - INFO - Process update [ID:773071404]: [success] (in 3409 ms)
2023-09-08 16:14:14,093 - aiogram.contrib.middlewares.logging - INFO - Received callback query [ID:2315398141326977976] from user [ID:539095639] for message [ID:1435] in chat [private:539095639] with data: answers:539095639:family_factor:2 originally posted by user [ID:5718271728]
2023-09-08 16:14:16,615 - aiogram.contrib.middlewares.logging - INFO - Unhandled callback query [ID:2315398141326977976] from user [ID:539095639] for message [ID:1435] in chat [private:539095639] with data: answers:539095639:family_factor:2 originally posted by user [ID:5718271728]
2023-09-08 16:14:16,615 - aiogram.contrib.middlewares.logging - INFO - Process update [ID:773071405]: [success] (in 2522 ms)
2023-09-08 16:14:43,549 - aiogram.dispatcher.dispatcher - INFO - Stop polling...
2023-09-08 16:14:43,550 - aiogram - WARNING - Goodbye!
2023-09-08 16:14:54,855 - aiogram - INFO - Bot: Pt9 [@test_3371824bot]
2023-09-08 16:14:54,971 - aiogram - WARNING - Updates were skipped successfully.
2023-09-08 16:14:54,971 - aiogram.dispatcher.dispatcher - INFO - Start polling.
2023-09-08 16:14:55,742 - aiogram.contrib.middlewares.logging - INFO - Received message [ID:1437] in chat [private:539095639]
2023-09-08 16:14:56,837 - aiogram.contrib.middlewares.logging - INFO - Process update [ID:773071406]: [success] (in 1095 ms)
2023-09-08 16:14:59,719 - aiogram.contrib.middlewares.logging - INFO - Received message [ID:1439] in chat [private:539095639]
2023-09-08 16:14:59,809 - aiogram.contrib.middlewares.logging - INFO - Process update [ID:773071407]: [success] (in 91 ms)
2023-09-08 16:15:02,090 - aiogram.contrib.middlewares.logging - INFO - Received message [ID:1441] in chat [private:539095639]
2023-09-08 16:15:02,179 - aiogram.contrib.middlewares.logging - INFO - Process update [ID:773071408]: [success] (in 89 ms)
2023-09-08 16:15:04,142 - aiogram.contrib.middlewares.logging - INFO - Received message [ID:1443] in chat [private:539095639]
2023-09-08 16:15:04,246 - aiogram.contrib.middlewares.logging - INFO - Process update [ID:773071409]: [success] (in 104 ms)
2023-09-08 16:15:05,894 - aiogram.contrib.middlewares.logging - INFO - Received message [ID:1445] in chat [private:539095639]
2023-09-08 16:15:06,813 - aiogram.contrib.middlewares.logging - INFO - Process update [ID:773071410]: [success] (in 919 ms)
2023-09-08 16:15:08,073 - aiogram.contrib.middlewares.logging - INFO - Received message [ID:1447] in chat [private:539095639]
2023-09-08 16:15:09,151 - aiogram.contrib.middlewares.logging - INFO - Process update [ID:773071411]: [success] (in 1078 ms)
2023-09-08 16:15:10,356 - aiogram.contrib.middlewares.logging - INFO - Received callback query [ID:2315398142036058253] from user [ID:539095639] for message [ID:1449] in chat [private:539095639] with data: answers:539095639:family_factor:5 originally posted by user [ID:5718271728]
2023-09-08 16:15:13,951 - aiogram.contrib.middlewares.logging - INFO - Unhandled callback query [ID:2315398142036058253] from user [ID:539095639] for message [ID:1449] in chat [private:539095639] with data: answers:539095639:family_factor:5 originally posted by user [ID:5718271728]
2023-09-08 16:15:13,951 - aiogram.contrib.middlewares.logging - INFO - Process update [ID:773071412]: [success] (in 3595 ms)
2023-09-08 16:15:14,919 - aiogram.contrib.middlewares.logging - INFO - Received callback query [ID:2315398139502017800] from user [ID:539095639] for message [ID:1450] in chat [private:539095639] with data: answers:539095639:family_factor:50 originally posted by user [ID:5718271728]
2023-09-08 16:15:17,348 - aiogram.contrib.middlewares.logging - INFO - Unhandled callback query [ID:2315398139502017800] from user [ID:539095639] for message [ID:1450] in chat [private:539095639] with data: answers:539095639:family_factor:50 originally posted by user [ID:5718271728]
2023-09-08 16:15:17,348 - aiogram.contrib.middlewares.logging - INFO - Process update [ID:773071413]: [success] (in 2429 ms)
2023-09-08 16:15:40,086 - aiogram.dispatcher.dispatcher - INFO - Stop polling...
2023-09-08 16:15:40,087 - aiogram - WARNING - Goodbye!
2023-09-08 16:16:29,424 - aiogram - INFO - Bot: Pt9 [@test_3371824bot]
2023-09-08 16:16:29,544 - aiogram - WARNING - Updates were skipped successfully.
2023-09-08 16:16:29,544 - aiogram.dispatcher.dispatcher - INFO - Start polling.
2023-09-08 16:16:31,335 - aiogram.contrib.middlewares.logging - INFO - Received message [ID:1452] in chat [private:539095639]
2023-09-08 16:16:32,279 - aiogram.contrib.middlewares.logging - INFO - Process update [ID:773071414]: [success] (in 944 ms)
2023-09-08 16:16:33,159 - aiogram.contrib.middlewares.logging - INFO - Received message [ID:1454] in chat [private:539095639]
2023-09-08 16:16:33,245 - aiogram.contrib.middlewares.logging - INFO - Process update [ID:773071415]: [success] (in 86 ms)
2023-09-08 16:16:33,768 - aiogram.contrib.middlewares.logging - INFO - Received message [ID:1456] in chat [private:539095639]
2023-09-08 16:16:33,881 - aiogram.contrib.middlewares.logging - INFO - Process update [ID:773071416]: [success] (in 113 ms)
2023-09-08 16:16:36,688 - aiogram.contrib.middlewares.logging - INFO - Received message [ID:1458] in chat [private:539095639]
2023-09-08 16:16:36,794 - aiogram.contrib.middlewares.logging - INFO - Process update [ID:773071417]: [success] (in 106 ms)
2023-09-08 16:16:39,212 - aiogram.contrib.middlewares.logging - INFO - Received message [ID:1460] in chat [private:539095639]
2023-09-08 16:16:40,302 - aiogram.contrib.middlewares.logging - INFO - Process update [ID:773071418]: [success] (in 1090 ms)
2023-09-08 16:16:45,773 - aiogram.contrib.middlewares.logging - INFO - Received message [ID:1462] in chat [private:539095639]
2023-09-08 16:16:47,391 - aiogram.contrib.middlewares.logging - INFO - Process update [ID:773071419]: [success] (in 1618 ms)
2023-09-08 16:16:49,599 - aiogram.contrib.middlewares.logging - INFO - Received callback query [ID:2315398140360600966] from user [ID:539095639] for message [ID:1464] in chat [private:539095639] with data: answers:539095639:family_factor:5 originally posted by user [ID:5718271728]
2023-09-08 16:16:53,137 - aiogram.contrib.middlewares.logging - INFO - Unhandled callback query [ID:2315398140360600966] from user [ID:539095639] for message [ID:1464] in chat [private:539095639] with data: answers:539095639:family_factor:5 originally posted by user [ID:5718271728]
2023-09-08 16:16:53,137 - aiogram.contrib.middlewares.logging - INFO - Process update [ID:773071420]: [success] (in 3538 ms)
2023-09-08 16:16:53,979 - aiogram.contrib.middlewares.logging - INFO - Received callback query [ID:2315398139346288627] from user [ID:539095639] for message [ID:1465] in chat [private:539095639] with data: answers:539095639:family_factor:40 originally posted by user [ID:5718271728]
2023-09-08 16:16:56,517 - aiogram.contrib.middlewares.logging - INFO - Unhandled callback query [ID:2315398139346288627] from user [ID:539095639] for message [ID:1465] in chat [private:539095639] with data: answers:539095639:family_factor:40 originally posted by user [ID:5718271728]
2023-09-08 16:16:56,517 - aiogram.contrib.middlewares.logging - INFO - Process update [ID:773071421]: [success] (in 2538 ms)
2023-09-08 16:19:25,589 - aiogram.dispatcher.dispatcher - INFO - Stop polling...
2023-09-08 16:19:25,589 - aiogram - WARNING - Goodbye!
